<?xml version="1.0" encoding="UTF-8"?>
<!-- Generated by org.testng.reporters.JUnitReportReporter -->
<testsuite hostname="Gowtham" failures="0" tests="3" name="Labsession18_08.login" time="39.412" errors="0" timestamp="2025-08-18T16:40:14 IST" skipped="0">
  <testcase classname="Labsession18_08.login" name="positiveLoginTest" time="15.390"/>
  <testcase classname="Labsession18_08.login" name="negativeUsernameTest" time="11.532"/>
  <testcase classname="Labsession18_08.login" name="negativePasswordTest" time="12.490"/>
</testsuite> <!-- Labsession18_08.login -->
