<?xml version="1.0" encoding="UTF-8"?>
<!-- Generated by org.testng.reporters.JUnitReportReporter -->
<testsuite hostname="Gowtham" failures="0" tests="2" name="Labsession16_08.GroupingUsers" time="0.014" errors="0" timestamp="2025-08-23T11:56:04 IST" skipped="0">
  <testcase classname="Labsession16_08.GroupingUsers" name="viewUser" time="0.002"/>
  <testcase classname="Labsession16_08.GroupingUsers" name="createUser" time="0.012"/>
</testsuite> <!-- Labsession16_08.GroupingUsers -->
