<?xml version="1.0" encoding="UTF-8"?>
<!-- Generated by org.testng.reporters.JUnitReportReporter -->
<testsuite hostname="Gowtham" failures="0" tests="4" name="Labsession19_08.Addtocart" time="38.435" errors="0" timestamp="2025-08-23T11:51:04 IST" skipped="0">
  <testcase classname="Labsession19_08.Addtocart" name="testcase1" time="4.711"/>
  <testcase classname="Labsession19_08.Addtocart" name="testcase2" time="9.834"/>
  <testcase classname="Labsession19_08.Addtocart" name="mobile" time="18.386"/>
  <testcase classname="Labsession19_08.Addtocart" name="testcase3" time="5.504"/>
</testsuite> <!-- Labsession19_08.Addtocart -->
