<?xml version="1.0" encoding="UTF-8"?>
<!-- Generated by org.testng.reporters.JUnitReportReporter -->
<testsuite hostname="Gowtham" failures="0" tests="4" name="Labsession19_08.Addtocart" time="37.953" errors="0" timestamp="2025-08-25T14:08:24 IST" skipped="0">
  <testcase classname="Labsession19_08.Addtocart" name="testcase1" time="4.233"/>
  <testcase classname="Labsession19_08.Addtocart" name="testcase3" time="5.011"/>
  <testcase classname="Labsession19_08.Addtocart" name="mobile" time="18.077"/>
  <testcase classname="Labsession19_08.Addtocart" name="testcase2" time="10.632"/>
</testsuite> <!-- Labsession19_08.Addtocart -->
