<?xml version="1.0" encoding="UTF-8"?>
<!-- Generated by org.testng.reporters.JUnitReportReporter -->
<testsuite hostname="Gowtham" failures="0" tests="1" name="com.wipro.testng.TestNGGroups" time="0.007" errors="0" timestamp="2025-08-19T09:48:44 IST" skipped="0">
  <testcase classname="com.wipro.testng.TestNGGroups" name="testcase3" time="0.007"/>
</testsuite> <!-- com.wipro.testng.TestNGGroups -->
