<?xml version="1.0" encoding="UTF-8"?>
<!-- Generated by org.testng.reporters.JUnitReportReporter -->
<testsuite hostname="Gowtham" failures="0" tests="1" name="com.wipro.testng.Launchbrowser" time="7.395" errors="0" timestamp="2025-08-16T12:37:55 IST" skipped="0">
  <testcase classname="com.wipro.testng.Launchbrowser" name="launchbrowser" time="7.395"/>
</testsuite> <!-- com.wipro.testng.Launchbrowser -->
