<?xml version="1.0" encoding="UTF-8"?>
<!-- Generated by org.testng.reporters.JUnitReportReporter -->
<testsuite hostname="Gowtham" failures="0" tests="1" name="com.wipro.Grid.SeleniumGridTestcase" time="18.719" errors="0" timestamp="2025-08-20T15:18:12 IST" skipped="0">
  <testcase classname="com.wipro.Grid.SeleniumGridTestcase" name="login" time="18.719"/>
</testsuite> <!-- com.wipro.Grid.SeleniumGridTestcase -->
