<?xml version="1.0" encoding="UTF-8"?>
<!-- Generated by org.testng.reporters.JUnitReportReporter -->
<testsuite hostname="Gowtham" failures="0" tests="1" name="com.wipro.testng.TestNGParameterizationEg" time="20.177" errors="0" timestamp="2025-08-16T16:06:15 IST" skipped="0">
  <testcase classname="com.wipro.testng.TestNGParameterizationEg" name="testparameters" time="20.177"/>
</testsuite> <!-- com.wipro.testng.TestNGParameterizationEg -->
