<?xml version="1.0" encoding="UTF-8"?>
<!-- Generated by org.testng.reporters.JUnitReportReporter -->
<testsuite hostname="Gowtham" failures="0" tests="1" name="com.wipro.testng.TestNGTestcase" time="5.900" errors="0" timestamp="2025-08-19T10:19:29 IST" skipped="0">
  <testcase classname="com.wipro.testng.TestNGTestcase" name="launchbrowser" time="5.900"/>
</testsuite> <!-- com.wipro.testng.TestNGTestcase -->
