<?xml version="1.0" encoding="UTF-8"?>
<!-- Generated by org.testng.reporters.JUnitReportReporter -->
<testsuite hostname="Gowtham" failures="0" tests="1" name="Labsession16_08.GroupingTests" time="0.014" errors="0" timestamp="2025-08-23T12:40:33 IST" skipped="0">
  <testcase classname="Labsession16_08.GroupingTests" name="loginTest" time="0.014"/>
</testsuite> <!-- Labsession16_08.GroupingTests -->
