<?xml version="1.0" encoding="UTF-8"?>
<!-- Generated by org.testng.reporters.JUnitReportReporter -->
<testsuite hostname="Gowtham" failures="0" tests="1" name="com.wipro.testng.TestNGTestcases" time="12.100" errors="0" timestamp="2025-08-20T10:56:14 IST" skipped="0">
  <testcase classname="com.wipro.testng.TestNGTestcases" name="login" time="12.100"/>
</testsuite> <!-- com.wipro.testng.TestNGTestcases -->
