<?xml version="1.0" encoding="UTF-8"?>
<!-- Generated by org.testng.reporters.JUnitReportReporter -->
<testsuite hostname="Gowtham" failures="0" tests="1" name="utilities.TestNGTestcaseLog4j" time="16.433" errors="0" timestamp="2025-08-20T11:20:42 IST" skipped="0">
  <testcase classname="utilities.TestNGTestcaseLog4j" name="login" time="16.433"/>
</testsuite> <!-- utilities.TestNGTestcaseLog4j -->
