<?xml version="1.0" encoding="UTF-8"?>
<!-- Generated by org.testng.reporters.JUnitReportReporter -->
<testsuite hostname="Gowtham" failures="0" tests="3" name="com.wipro.testng.TestNGAnnotations" time="0.006" errors="0" timestamp="2025-08-20T10:19:25 IST" skipped="0">
  <testcase classname="com.wipro.testng.TestNGAnnotations" name="testcase2" time="0.000"/>
  <testcase classname="com.wipro.testng.TestNGAnnotations" name="testcase3" time="0.001"/>
  <testcase classname="com.wipro.testng.TestNGAnnotations" name="testcase1" time="0.005"/>
</testsuite> <!-- com.wipro.testng.TestNGAnnotations -->
