<?xml version="1.0" encoding="UTF-8"?>
<!-- Generated by org.testng.reporters.JUnitReportReporter -->
<testsuite hostname="Gowtham" failures="0" tests="1" name="Labsession18_08.FormFilling" time="42.092" errors="0" timestamp="2025-08-18T15:33:20 IST" skipped="0">
  <testcase classname="Labsession18_08.FormFilling" name="FormFilling" time="42.092"/>
</testsuite> <!-- Labsession18_08.FormFilling -->
