<?xml version="1.0" encoding="UTF-8"?>
<!-- Generated by org.testng.reporters.JUnitReportReporter -->
<testsuite hostname="Gowtham" failures="0" tests="1" name="Labsession18_08.Allwebsites$Addtocart" time="36.697" errors="0" timestamp="2025-08-18T16:24:54 IST" skipped="0">
  <testcase classname="Labsession18_08.Allwebsites$Addtocart" name="mobile" time="36.697"/>
</testsuite> <!-- Labsession18_08.Allwebsites$Addtocart -->
