<?xml version="1.0" encoding="UTF-8"?>
<!-- Generated by org.testng.reporters.JUnitReportReporter -->
<testsuite hostname="Gowtham" failures="0" tests="1" name="com.wipro.testng.TestNGsoftassertion" time="13.500" errors="0" timestamp="2025-08-19T10:24:41 IST" skipped="0">
  <testcase classname="com.wipro.testng.TestNGsoftassertion" name="testlogin" time="13.500"/>
</testsuite> <!-- com.wipro.testng.TestNGsoftassertion -->
