<?xml version="1.0" encoding="UTF-8"?>
<!-- Generated by org.testng.reporters.JUnitReportReporter -->
<testsuite hostname="Gowtham" failures="0" tests="2" name="com.wipro.testng.TestNGSkiptestcases" time="5.142" errors="0" timestamp="2025-08-16T15:12:39 IST" skipped="1">
  <testcase classname="com.wipro.testng.TestNGSkiptestcases" name="launchbrowser" time="5.142"/>
  <testcase classname="com.wipro.testng.TestNGSkiptestcases" name="login">
    <skipped/>
  </testcase> <!-- login -->
</testsuite> <!-- com.wipro.testng.TestNGSkiptestcases -->
