<?xml version="1.0" encoding="UTF-8"?>
<!-- Generated by org.testng.reporters.JUnitReportReporter -->
<testsuite hostname="Gowtham" failures="0" tests="1" name="com.wipro.testng.TestNG_ListnerTestcase" time="19.639" errors="0" timestamp="2025-08-19T11:31:18 IST" skipped="0">
  <testcase classname="com.wipro.testng.TestNG_ListnerTestcase" name="testlogin" time="19.639"/>
</testsuite> <!-- com.wipro.testng.TestNG_ListnerTestcase -->
