<?xml version="1.0" encoding="UTF-8"?>
<!-- Generated by org.testng.reporters.JUnitReportReporter -->
<testsuite hostname="Gowtham" failures="0" tests="3" name="Labsession18_08.Allwebsites$login" time="38.564" errors="0" timestamp="2025-08-18T16:24:54 IST" skipped="0">
  <testcase classname="Labsession18_08.Allwebsites$login" name="negativePasswordTest" time="12.258"/>
  <testcase classname="Labsession18_08.Allwebsites$login" name="positiveLoginTest" time="14.060"/>
  <testcase classname="Labsession18_08.Allwebsites$login" name="negativeUsernameTest" time="12.246"/>
</testsuite> <!-- Labsession18_08.Allwebsites$login -->
