<?xml version="1.0" encoding="UTF-8"?>
<!-- Generated by org.testng.reporters.JUnitReportReporter -->
<testsuite hostname="Gowtham" failures="0" tests="1" name="com.wipro.testng.TestDatabase" time="79.659" errors="0" timestamp="2025-08-20T11:47:26 IST" skipped="0">
  <testcase classname="com.wipro.testng.TestDatabase" name="readfromDBTest" time="79.659"/>
</testsuite> <!-- com.wipro.testng.TestDatabase -->
