<?xml version="1.0" encoding="UTF-8"?>
<!-- Generated by org.testng.reporters.JUnitReportReporter -->
<testsuite hostname="Gowtham" failures="0" tests="6" name="Labsession19_08.login" time="43.013" errors="0" timestamp="2025-08-19T14:26:16 IST" skipped="0">
  <testcase classname="Labsession19_08.login" name="negativePasswordTest" time="12.493"/>
  <testcase classname="Labsession19_08.login" name="negativeUsernameTest" time="12.782"/>
  <testcase classname="Labsession19_08.login" name="testcase2" time="0.004"/>
  <testcase classname="Labsession19_08.login" name="testcase1" time="0.002"/>
  <testcase classname="Labsession19_08.login" name="testcase3" time="0.003"/>
  <testcase classname="Labsession19_08.login" name="positiveLoginTest" time="17.729"/>
</testsuite> <!-- Labsession19_08.login -->
