<?xml version="1.0" encoding="UTF-8"?>
<!-- Generated by org.testng.reporters.JUnitReportReporter -->
<testsuite hostname="Gowtham" failures="0" tests="1" name="Labsession18_08.Addtocart" time="41.237" errors="0" timestamp="2025-08-18T15:30:05 IST" skipped="0">
  <testcase classname="Labsession18_08.Addtocart" name="mobile" time="41.237"/>
</testsuite> <!-- Labsession18_08.Addtocart -->
