<?xml version="1.0" encoding="UTF-8"?>
<!-- Generated by org.testng.reporters.JUnitReportReporter -->
<testsuite hostname="Gowtham" failures="0" tests="1" name="com.wiproJuly.datadriventesting.ExcelRead" time="4.791" errors="0" timestamp="2025-08-19T17:10:31 IST" skipped="0">
  <testcase classname="com.wiproJuly.datadriventesting.ExcelRead" name="login" time="4.791"/>
</testsuite> <!-- com.wiproJuly.datadriventesting.ExcelRead -->
