<?xml version="1.0" encoding="UTF-8"?>
<!-- Generated by org.testng.reporters.JUnitReportReporter -->
<testsuite hostname="Gowtham" failures="0" tests="1" name="com.wiproJuly.datadriventesting.ExcelWrite" time="4.821" errors="0" timestamp="2025-08-19T17:38:57 IST" skipped="0">
  <testcase classname="com.wiproJuly.datadriventesting.ExcelWrite" name="login" time="4.821"/>
</testsuite> <!-- com.wiproJuly.datadriventesting.ExcelWrite -->
