<?xml version="1.0" encoding="UTF-8"?>
<!-- Generated by org.testng.reporters.JUnitReportReporter -->
<testsuite hostname="Gowtham" failures="0" tests="2" name="com.wipro.testng.TestNGDependency" time="21.883" errors="0" timestamp="2025-08-16T17:32:10 IST" skipped="0">
  <testcase classname="com.wipro.testng.TestNGDependency" name="testcheckbox" time="6.162"/>
  <testcase classname="com.wipro.testng.TestNGDependency" name="login" time="15.721"/>
</testsuite> <!-- com.wipro.testng.TestNGDependency -->
